<?xml version="1.0" encoding="UTF-8"?>
<!-- Generated by org.testng.reporters.JUnitXMLReporter -->
<testsuite ignored="0" hostname="DESKTOP-TQ5Q620" failures="0" tests="3" name="AmazonToEdge" time="80.06" errors="0" timestamp="2022-05-19T21:19:02 EDT">
  <testcase classname="ProTrainingTech.AutomationTrainingProgram.ProvideresToParameters" name="f" time="19.204"/>
  <testcase classname="ProTrainingTech.AutomationTrainingProgram.ProvideresToParameters" name="f" time="25.662"/>
  <testcase classname="ProTrainingTech.AutomationTrainingProgram.ProvideresToParameters" name="f" time="25.51"/>
</testsuite> <!-- AmazonToEdge -->
