<?xml version="1.0" encoding="UTF-8"?>
<!-- Generated by org.testng.reporters.JUnitXMLReporter -->
<testsuite ignored="0" hostname="DESKTOP-TQ5Q620" failures="2" tests="4" name="Amazon" time="47.122" errors="0" timestamp="2022-05-12T21:28:18 EDT">
  <testcase classname="ProTrainingTech.AutomationTrainingProgram.Browser" name="verificationoftext" time="16.191">
    <failure type="java.lang.AssertionError" message="The following asserts failed:
	expected [Please enter your email or mobile number to search for your account. it] but found [Please enter your email or mobile number to search for your account.]">
      <![CDATA[java.lang.AssertionError: The following asserts failed:
expected [Please enter your email or mobile number to search for your account. it] but found [Please enter your email or mobile number to search for your account.]
at ProTrainingTech.AutomationTrainingProgram.Browser.verificationoftext(Browser.java:61)
at java.base/java.util.ArrayList.forEach(ArrayList.java:1511)
... Removed 29 stack frames]]>
    </failure>
  </testcase> <!-- verificationoftext -->
  <testcase classname="ProTrainingTech.AutomationTrainingProgram.Browser" name="f" time="0.0">
    <skipped/>
  </testcase> <!-- f -->
  <testcase classname="ProTrainingTech.AutomationTrainingProgram.Browser2" name="verificationoftext" time="16.264">
    <failure type="java.lang.AssertionError" message="The following asserts failed:
	expected [Please enter your email or mobile number to search for your account. it] but found [Please enter your email or mobile number to search for your account.]">
      <![CDATA[java.lang.AssertionError: The following asserts failed:
expected [Please enter your email or mobile number to search for your account. it] but found [Please enter your email or mobile number to search for your account.]
at ProTrainingTech.AutomationTrainingProgram.Browser2.verificationoftext(Browser2.java:61)
at java.base/java.util.ArrayList.forEach(ArrayList.java:1511)
... Removed 29 stack frames]]>
    </failure>
  </testcase> <!-- verificationoftext -->
  <testcase classname="ProTrainingTech.AutomationTrainingProgram.Browser2" name="f" time="0.0">
    <skipped/>
  </testcase> <!-- f -->
</testsuite> <!-- Amazon -->
