<?xml version="1.0" encoding="UTF-8"?>
<testng-results ignored="0" total="3" passed="3" failed="0" skipped="0">
  <reporter-output>
  </reporter-output>
  <suite started-at="2022-05-19T21:17:42 EDT" name="Regression" finished-at="2022-05-19T21:19:02 EDT" duration-ms="80060">
    <groups>
    </groups>
    <test started-at="2022-05-19T21:17:42 EDT" name="AmazonToEdge" finished-at="2022-05-19T21:19:02 EDT" duration-ms="80060">
      <class name="ProTrainingTech.AutomationTrainingProgram.ProvideresToParameters">
        <test-method is-config="true" signature="beforeClass(java.lang.String)[pri:0, instance:ProTrainingTech.AutomationTrainingProgram.ProvideresToParameters@441772e]" started-at="2022-05-19T21:17:42 EDT" name="beforeClass" finished-at="2022-05-19T21:17:50 EDT" duration-ms="7840" status="PASS">
          <params>
            <param index="0">
              <value>
                <![CDATA[Edge]]>
              </value>
            </param>
          </params>
          <reporter-output>
          </reporter-output>
        </test-method> <!-- beforeClass -->
        <test-method signature="f(java.lang.String,java.lang.String)[pri:0, instance:ProTrainingTech.AutomationTrainingProgram.ProvideresToParameters@441772e]" started-at="2022-05-19T21:17:50 EDT" name="f" data-provider="provides" finished-at="2022-05-19T21:18:09 EDT" duration-ms="19204" status="PASS">
          <params>
            <param index="0">
              <value>
                <![CDATA[John@gmail.com]]>
              </value>
            </param>
            <param index="1">
              <value>
                <![CDATA[Silver]]>
              </value>
            </param>
          </params>
          <reporter-output>
          </reporter-output>
        </test-method> <!-- f -->
        <test-method signature="f(java.lang.String,java.lang.String)[pri:0, instance:ProTrainingTech.AutomationTrainingProgram.ProvideresToParameters@441772e]" started-at="2022-05-19T21:18:09 EDT" name="f" data-provider="provides" finished-at="2022-05-19T21:18:35 EDT" duration-ms="25662" status="PASS">
          <params>
            <param index="0">
              <value>
                <![CDATA[Shahbaz@gmail.com]]>
              </value>
            </param>
            <param index="1">
              <value>
                <![CDATA[birdsto]]>
              </value>
            </param>
          </params>
          <reporter-output>
          </reporter-output>
        </test-method> <!-- f -->
        <test-method signature="f(java.lang.String,java.lang.String)[pri:0, instance:ProTrainingTech.AutomationTrainingProgram.ProvideresToParameters@441772e]" started-at="2022-05-19T21:18:36 EDT" name="f" data-provider="provides" finished-at="2022-05-19T21:19:01 EDT" duration-ms="25510" status="PASS">
          <params>
            <param index="0">
              <value>
                <![CDATA[Ali@gmail.com]]>
              </value>
            </param>
            <param index="1">
              <value>
                <![CDATA[itw]]>
              </value>
            </param>
          </params>
          <reporter-output>
          </reporter-output>
        </test-method> <!-- f -->
        <test-method is-config="true" signature="afterClass()[pri:0, instance:ProTrainingTech.AutomationTrainingProgram.ProvideresToParameters@441772e]" started-at="2022-05-19T21:19:02 EDT" name="afterClass" finished-at="2022-05-19T21:19:02 EDT" duration-ms="266" status="PASS">
          <reporter-output>
          </reporter-output>
        </test-method> <!-- afterClass -->
      </class> <!-- ProTrainingTech.AutomationTrainingProgram.ProvideresToParameters -->
    </test> <!-- AmazonToEdge -->
  </suite> <!-- Regression -->
</testng-results>
